This is pdfTeXk, Version 3.141592-1.40.3 (Web2C 7.5.6) (format=pdflatex 2007.11.26)  22 MAY 2012 10:56
entering extended mode
 %&-line parsing enabled.
**infome.tex
(./infome.tex
LaTeX2e <2005/12/01>
Babel <v3.8h> and hyphenation patterns for english, usenglishmax, dumylang, noh
yphenation, arabic, basque, bulgarian, coptic, welsh, czech, slovak, german, ng
erman, danish, esperanto, spanish, catalan, galician, estonian, farsi, finnish,
 french, greek, monogreek, ancientgreek, croatian, hungarian, interlingua, ibyc
us, indonesian, icelandic, italian, latin, mongolian, dutch, norsk, polish, por
tuguese, pinyin, romanian, russian, slovenian, uppersorbian, serbian, swedish, 
turkish, ukenglish, ukrainian, loaded.
(/usr/local/texlive/2007/texmf-dist/tex/latex/base/article.cls
Document Class: article 2005/09/16 v1.4f Standard LaTeX document class
(/usr/local/texlive/2007/texmf-dist/tex/latex/base/size10.clo
File: size10.clo 2005/09/16 v1.4f Standard LaTeX file (size option)
)
\c@part=\count79
\c@section=\count80
\c@subsection=\count81
\c@subsubsection=\count82
\c@paragraph=\count83
\c@subparagraph=\count84
\c@figure=\count85
\c@table=\count86
\abovecaptionskip=\skip41
\belowcaptionskip=\skip42
\bibindent=\dimen102
)
(/usr/local/texlive/2007/texmf-dist/tex/latex/base/inputenc.sty
Package: inputenc 2006/05/05 v1.1b Input encoding file
\inpenc@prehook=\toks14
\inpenc@posthook=\toks15

(/usr/local/texlive/2007/texmf-dist/tex/latex/base/utf8.def
File: utf8.def 2006/03/30 v1.1i UTF-8 support for inputenc
Now handling font encoding OML ...
... no UTF-8 mapping file for font encoding OML
Now handling font encoding T1 ...
... processing UTF-8 mapping file for font encodingT1

(/usr/local/texlive/2007/texmf-dist/tex/latex/base/t1enc.dfu
File: t1enc.dfu 2006/03/30 v1.1i UTF-8 support for inputenc
   defining Unicode char U+00A1 (decimal 161)
   defining Unicode char U+00A3 (decimal 163)
   defining Unicode char U+00AB (decimal 171)
   defining Unicode char U+00BB (decimal 187)
   defining Unicode char U+00BF (decimal 191)
   defining Unicode char U+00C0 (decimal 192)
   defining Unicode char U+00C1 (decimal 193)
   defining Unicode char U+00C2 (decimal 194)
   defining Unicode char U+00C3 (decimal 195)
   defining Unicode char U+00C4 (decimal 196)
   defining Unicode char U+00C5 (decimal 197)
   defining Unicode char U+00C6 (decimal 198)
   defining Unicode char U+00C7 (decimal 199)
   defining Unicode char U+00C8 (decimal 200)
   defining Unicode char U+00C9 (decimal 201)
   defining Unicode char U+00CA (decimal 202)
   defining Unicode char U+00CB (decimal 203)
   defining Unicode char U+00CC (decimal 204)
   defining Unicode char U+00CD (decimal 205)
   defining Unicode char U+00CE (decimal 206)
   defining Unicode char U+00CF (decimal 207)
   defining Unicode char U+00D0 (decimal 208)
   defining Unicode char U+00D1 (decimal 209)
   defining Unicode char U+00D2 (decimal 210)
   defining Unicode char U+00D3 (decimal 211)
   defining Unicode char U+00D4 (decimal 212)
   defining Unicode char U+00D5 (decimal 213)
   defining Unicode char U+00D6 (decimal 214)
   defining Unicode char U+00D8 (decimal 216)
   defining Unicode char U+00D9 (decimal 217)
   defining Unicode char U+00DA (decimal 218)
   defining Unicode char U+00DB (decimal 219)
   defining Unicode char U+00DC (decimal 220)
   defining Unicode char U+00DD (decimal 221)
   defining Unicode char U+00DE (decimal 222)
   defining Unicode char U+00DF (decimal 223)
   defining Unicode char U+00E0 (decimal 224)
   defining Unicode char U+00E1 (decimal 225)
   defining Unicode char U+00E2 (decimal 226)
   defining Unicode char U+00E3 (decimal 227)
   defining Unicode char U+00E4 (decimal 228)
   defining Unicode char U+00E5 (decimal 229)
   defining Unicode char U+00E6 (decimal 230)
   defining Unicode char U+00E7 (decimal 231)
   defining Unicode char U+00E8 (decimal 232)
   defining Unicode char U+00E9 (decimal 233)
   defining Unicode char U+00EA (decimal 234)
   defining Unicode char U+00EB (decimal 235)
   defining Unicode char U+00EC (decimal 236)
   defining Unicode char U+00ED (decimal 237)
   defining Unicode char U+00EE (decimal 238)
   defining Unicode char U+00EF (decimal 239)
   defining Unicode char U+00F0 (decimal 240)
   defining Unicode char U+00F1 (decimal 241)
   defining Unicode char U+00F2 (decimal 242)
   defining Unicode char U+00F3 (decimal 243)
   defining Unicode char U+00F4 (decimal 244)
   defining Unicode char U+00F5 (decimal 245)
   defining Unicode char U+00F6 (decimal 246)
   defining Unicode char U+00F8 (decimal 248)
   defining Unicode char U+00F9 (decimal 249)
   defining Unicode char U+00FA (decimal 250)
   defining Unicode char U+00FB (decimal 251)
   defining Unicode char U+00FC (decimal 252)
   defining Unicode char U+00FD (decimal 253)
   defining Unicode char U+00FE (decimal 254)
   defining Unicode char U+00FF (decimal 255)
   defining Unicode char U+0102 (decimal 258)
   defining Unicode char U+0103 (decimal 259)
   defining Unicode char U+0104 (decimal 260)
   defining Unicode char U+0105 (decimal 261)
   defining Unicode char U+0106 (decimal 262)
   defining Unicode char U+0107 (decimal 263)
   defining Unicode char U+010C (decimal 268)
   defining Unicode char U+010D (decimal 269)
   defining Unicode char U+010E (decimal 270)
   defining Unicode char U+010F (decimal 271)
   defining Unicode char U+0110 (decimal 272)
   defining Unicode char U+0111 (decimal 273)
   defining Unicode char U+0118 (decimal 280)
   defining Unicode char U+0119 (decimal 281)
   defining Unicode char U+011A (decimal 282)
   defining Unicode char U+011B (decimal 283)
   defining Unicode char U+011E (decimal 286)
   defining Unicode char U+011F (decimal 287)
   defining Unicode char U+0130 (decimal 304)
   defining Unicode char U+0131 (decimal 305)
   defining Unicode char U+0132 (decimal 306)
   defining Unicode char U+0133 (decimal 307)
   defining Unicode char U+0139 (decimal 313)
   defining Unicode char U+013A (decimal 314)
   defining Unicode char U+013D (decimal 317)
   defining Unicode char U+013E (decimal 318)
   defining Unicode char U+0141 (decimal 321)
   defining Unicode char U+0142 (decimal 322)
   defining Unicode char U+0143 (decimal 323)
   defining Unicode char U+0144 (decimal 324)
   defining Unicode char U+0147 (decimal 327)
   defining Unicode char U+0148 (decimal 328)
   defining Unicode char U+014A (decimal 330)
   defining Unicode char U+014B (decimal 331)
   defining Unicode char U+0150 (decimal 336)
   defining Unicode char U+0151 (decimal 337)
   defining Unicode char U+0152 (decimal 338)
   defining Unicode char U+0153 (decimal 339)
   defining Unicode char U+0154 (decimal 340)
   defining Unicode char U+0155 (decimal 341)
   defining Unicode char U+0158 (decimal 344)
   defining Unicode char U+0159 (decimal 345)
   defining Unicode char U+015A (decimal 346)
   defining Unicode char U+015B (decimal 347)
   defining Unicode char U+015E (decimal 350)
   defining Unicode char U+015F (decimal 351)
   defining Unicode char U+0160 (decimal 352)
   defining Unicode char U+0161 (decimal 353)
   defining Unicode char U+0162 (decimal 354)
   defining Unicode char U+0163 (decimal 355)
   defining Unicode char U+0164 (decimal 356)
   defining Unicode char U+0165 (decimal 357)
   defining Unicode char U+016E (decimal 366)
   defining Unicode char U+016F (decimal 367)
   defining Unicode char U+0170 (decimal 368)
   defining Unicode char U+0171 (decimal 369)
   defining Unicode char U+0178 (decimal 376)
   defining Unicode char U+0179 (decimal 377)
   defining Unicode char U+017A (decimal 378)
   defining Unicode char U+017B (decimal 379)
   defining Unicode char U+017C (decimal 380)
   defining Unicode char U+017D (decimal 381)
   defining Unicode char U+017E (decimal 382)
   defining Unicode char U+200C (decimal 8204)
   defining Unicode char U+2013 (decimal 8211)
   defining Unicode char U+2014 (decimal 8212)
   defining Unicode char U+2018 (decimal 8216)
   defining Unicode char U+2019 (decimal 8217)
   defining Unicode char U+201A (decimal 8218)
   defining Unicode char U+201C (decimal 8220)
   defining Unicode char U+201D (decimal 8221)
   defining Unicode char U+201E (decimal 8222)
   defining Unicode char U+2030 (decimal 8240)
   defining Unicode char U+2031 (decimal 8241)
   defining Unicode char U+2039 (decimal 8249)
   defining Unicode char U+203A (decimal 8250)
   defining Unicode char U+2423 (decimal 9251)
)
Now handling font encoding OT1 ...
... processing UTF-8 mapping file for font encodingOT1

(/usr/local/texlive/2007/texmf-dist/tex/latex/base/ot1enc.dfu
File: ot1enc.dfu 2006/03/30 v1.1i UTF-8 support for inputenc
   defining Unicode char U+00A1 (decimal 161)
   defining Unicode char U+00A3 (decimal 163)
   defining Unicode char U+00B8 (decimal 184)
   defining Unicode char U+00BF (decimal 191)
   defining Unicode char U+00C5 (decimal 197)
   defining Unicode char U+00C6 (decimal 198)
   defining Unicode char U+00D8 (decimal 216)
   defining Unicode char U+00DF (decimal 223)
   defining Unicode char U+00E6 (decimal 230)
   defining Unicode char U+00EC (decimal 236)
   defining Unicode char U+00ED (decimal 237)
   defining Unicode char U+00EE (decimal 238)
   defining Unicode char U+00EF (decimal 239)
   defining Unicode char U+00F8 (decimal 248)
   defining Unicode char U+0131 (decimal 305)
   defining Unicode char U+0141 (decimal 321)
   defining Unicode char U+0142 (decimal 322)
   defining Unicode char U+0152 (decimal 338)
   defining Unicode char U+0153 (decimal 339)
   defining Unicode char U+2013 (decimal 8211)
   defining Unicode char U+2014 (decimal 8212)
   defining Unicode char U+2018 (decimal 8216)
   defining Unicode char U+2019 (decimal 8217)
   defining Unicode char U+201C (decimal 8220)
   defining Unicode char U+201D (decimal 8221)
)
Now handling font encoding OMS ...
... processing UTF-8 mapping file for font encodingOMS

(/usr/local/texlive/2007/texmf-dist/tex/latex/base/omsenc.dfu
File: omsenc.dfu 2006/03/30 v1.1i UTF-8 support for inputenc
   defining Unicode char U+00A7 (decimal 167)
   defining Unicode char U+00B6 (decimal 182)
   defining Unicode char U+00B7 (decimal 183)
   defining Unicode char U+2020 (decimal 8224)
   defining Unicode char U+2021 (decimal 8225)
   defining Unicode char U+2022 (decimal 8226)
)
Now handling font encoding OMX ...
... no UTF-8 mapping file for font encoding OMX
Now handling font encoding U ...
... no UTF-8 mapping file for font encoding U
   defining Unicode char U+00A9 (decimal 169)
   defining Unicode char U+00AA (decimal 170)
   defining Unicode char U+00AE (decimal 174)
   defining Unicode char U+00BA (decimal 186)
   defining Unicode char U+02C6 (decimal 710)
   defining Unicode char U+02DC (decimal 732)
   defining Unicode char U+200C (decimal 8204)
   defining Unicode char U+2026 (decimal 8230)
   defining Unicode char U+2122 (decimal 8482)
   defining Unicode char U+2423 (decimal 9251)
))
(/usr/local/texlive/2007/texmf-dist/tex/generic/babel/babel.sty
Package: babel 2005/11/23 v3.8h The Babel package

(/usr/local/texlive/2007/texmf-dist/tex/generic/babel/spanish.ldf
Language: spanish.ldf 2005/03/31 v4.2b Spanish support from the babel system

(/usr/local/texlive/2007/texmf-dist/tex/generic/babel/babel.def
File: babel.def 2005/11/23 v3.8h Babel common definitions
\babel@savecnt=\count87
\U@D=\dimen103
)
\es@quottoks=\toks16
\es@quotdepth=\count88
Package babel Info: Making . an active character on input line 509.
Package babel Info: Making " an active character on input line 540.
Package babel Info: Making < an active character on input line 641.
Package babel Info: Making > an active character on input line 642.
))
(/usr/local/texlive/2007/texmf-dist/tex/latex/graphics/graphicx.sty
Package: graphicx 1999/02/16 v1.0f Enhanced LaTeX Graphics (DPC,SPQR)

(/usr/local/texlive/2007/texmf-dist/tex/latex/graphics/keyval.sty
Package: keyval 1999/03/16 v1.13 key=value parser (DPC)
\KV@toks@=\toks17
)
(/usr/local/texlive/2007/texmf-dist/tex/latex/graphics/graphics.sty
Package: graphics 2006/02/20 v1.0o Standard LaTeX Graphics (DPC,SPQR)

(/usr/local/texlive/2007/texmf-dist/tex/latex/graphics/trig.sty
Package: trig 1999/03/16 v1.09 sin cos tan (DPC)
)
(/usr/local/texlive/2007/texmf/tex/latex/config/graphics.cfg
File: graphics.cfg 2007/01/18 v1.5 graphics configuration of teTeX/TeXLive
)
Package graphics Info: Driver file: pdftex.def on input line 90.

(/usr/local/texlive/2007/texmf-dist/tex/latex/pdftex-def/pdftex.def
File: pdftex.def 2007/01/08 v0.04d Graphics/color for pdfTeX
\Gread@gobject=\count89
))
\Gin@req@height=\dimen104
\Gin@req@width=\dimen105
)
(/usr/local/texlive/2007/texmf-dist/tex/latex/tools/verbatim.sty
Package: verbatim 2003/08/22 v1.5q LaTeX2e package for verbatim enhancements
\every@verbatim=\toks18
\verbatim@line=\toks19
\verbatim@in@stream=\read1
)
(/usr/local/texlive/2007/texmf-dist/tex/latex/moreverb/moreverb.sty
Package: moreverb 1997/12/07 v2.2d.2 `more' verbatim facilities
\verbatim@out=\write3
\tab@position=\count90
\tab@size=\count91
\listing@line=\count92
)
(/usr/local/texlive/2007/texmf-dist/tex/latex/amsmath/amsmath.sty
Package: amsmath 2000/07/18 v2.13 AMS math features
\@mathmargin=\skip43

For additional information on amsmath, use the `?' option.
(/usr/local/texlive/2007/texmf-dist/tex/latex/amsmath/amstext.sty
Package: amstext 2000/06/29 v2.01

(/usr/local/texlive/2007/texmf-dist/tex/latex/amsmath/amsgen.sty
File: amsgen.sty 1999/11/30 v2.0
\@emptytoks=\toks20
\ex@=\dimen106
))
(/usr/local/texlive/2007/texmf-dist/tex/latex/amsmath/amsbsy.sty
Package: amsbsy 1999/11/29 v1.2d
\pmbraise@=\dimen107
)
(/usr/local/texlive/2007/texmf-dist/tex/latex/amsmath/amsopn.sty
Package: amsopn 1999/12/14 v2.01 operator names
)
\inf@bad=\count93
LaTeX Info: Redefining \frac on input line 211.
\uproot@=\count94
\leftroot@=\count95
LaTeX Info: Redefining \overline on input line 307.
\classnum@=\count96
\DOTSCASE@=\count97
LaTeX Info: Redefining \ldots on input line 379.
LaTeX Info: Redefining \dots on input line 382.
LaTeX Info: Redefining \cdots on input line 467.
\Mathstrutbox@=\box26
\strutbox@=\box27
\big@size=\dimen108
LaTeX Font Info:    Redeclaring font encoding OML on input line 567.
LaTeX Font Info:    Redeclaring font encoding OMS on input line 568.
\macc@depth=\count98
\c@MaxMatrixCols=\count99
\dotsspace@=\muskip10
\c@parentequation=\count100
\dspbrk@lvl=\count101
\tag@help=\toks21
\row@=\count102
\column@=\count103
\maxfields@=\count104
\andhelp@=\toks22
\eqnshift@=\dimen109
\alignsep@=\dimen110
\tagshift@=\dimen111
\tagwidth@=\dimen112
\totwidth@=\dimen113
\lineht@=\dimen114
\@envbody=\toks23
\multlinegap=\skip44
\multlinetaggap=\skip45
\mathdisplay@stack=\toks24
LaTeX Info: Redefining \[ on input line 2666.
LaTeX Info: Redefining \] on input line 2667.
)
(/usr/local/texlive/2007/texmf-dist/tex/latex/amsfonts/amsfonts.sty
Package: amsfonts 2001/10/25 v2.2f
\symAMSa=\mathgroup4
\symAMSb=\mathgroup5
LaTeX Font Info:    Overwriting math alphabet `\mathfrak' in version `bold'
(Font)                  U/euf/m/n --> U/euf/b/n on input line 132.
)
(/usr/local/texlive/2007/texmf-dist/tex/latex/amsfonts/amssymb.sty
Package: amssymb 2002/01/22 v2.2d
)
(/usr/local/texlive/2007/texmf-dist/tex/latex/fancybox/fancybox.sty
Package: fancybox 2000/09/19 1.3

Style option: `fancybox' v1.3 <2000/09/19> (tvz)
\@fancybox=\box28
\shadowsize=\dimen115
\@Sbox=\box29
\do@VerbBox=\toks25
\the@fancyput=\toks26
\this@fancyput=\toks27
\EndVerbatimTokens=\toks28
\Verbatim@Outfile=\write4
\Verbatim@Infile=\read2
) (/usr/local/texlive/2007/texmf-dist/tex/latex/float/float.sty
Package: float 2001/11/08 v1.3d Float enhancements (AL)
\c@float@type=\count105
\float@exts=\toks29
\float@box=\box30
\@float@everytoks=\toks30
\@floatcapt=\box31
)
(/usr/local/texlive/2007/texmf-dist/tex/latex/fancyvrb/fancyvrb.sty
Package: fancyvrb 1998/07/17

Style option: `fancyvrb' v2.6, with DG/SPQR fixes <1998/07/17> (tvz)
\FV@CodeLineNo=\count106
\FV@InFile=\read3
\FV@TabBox=\box32
\c@FancyVerbLine=\count107
\FV@StepNumber=\count108
\FV@OutFile=\write5

No file fancyvrb.cfg.
) (/usr/local/texlive/2007/texmf-dist/tex/latex/graphics/color.sty
Package: color 2005/11/14 v1.0j Standard LaTeX Color (DPC)

(/usr/local/texlive/2007/texmf/tex/latex/config/color.cfg
File: color.cfg 2007/01/18 v1.5 color configuration of teTeX/TeXLive
)
Package color Info: Driver file: pdftex.def on input line 130.
)
(/usr/local/texlive/2007/texmf-dist/tex/latex/hyperref/hyperref.sty
Package: hyperref 2007/02/07 v6.75r Hypertext links for LaTeX
\@linkdim=\dimen116
\Hy@linkcounter=\count109
\Hy@pagecounter=\count110

(/usr/local/texlive/2007/texmf-dist/tex/latex/hyperref/pd1enc.def
File: pd1enc.def 2007/02/07 v6.75r Hyperref: PDFDocEncoding definition (HO)
Now handling font encoding PD1 ...
... no UTF-8 mapping file for font encoding PD1
)
(/usr/local/texlive/2007/texmf/tex/latex/config/hyperref.cfg
File: hyperref.cfg 2002/06/06 v1.2 hyperref configuration of TeXLive
)
(/usr/local/texlive/2007/texmf-dist/tex/latex/oberdiek/kvoptions.sty
Package: kvoptions 2006/08/22 v2.4 Connects package keyval with LaTeX options (
HO)
)
Package hyperref Info: Hyper figures OFF on input line 2288.
Package hyperref Info: Link nesting OFF on input line 2293.
Package hyperref Info: Hyper index ON on input line 2296.
Package hyperref Info: Plain pages OFF on input line 2303.
Package hyperref Info: Backreferencing OFF on input line 2308.

Implicit mode ON; LaTeX internals redefined
Package hyperref Info: Bookmarks ON on input line 2444.
(/usr/local/texlive/2007/texmf-dist/tex/latex/ltxmisc/url.sty
\Urlmuskip=\muskip11
Package: url 2005/06/27  ver 3.2  Verb mode for urls, etc.
)
LaTeX Info: Redefining \url on input line 2599.
\Fld@menulength=\count111
\Field@Width=\dimen117
\Fld@charsize=\dimen118
\Choice@toks=\toks31
\Field@toks=\toks32
Package hyperref Info: Hyper figures OFF on input line 3102.
Package hyperref Info: Link nesting OFF on input line 3107.
Package hyperref Info: Hyper index ON on input line 3110.
Package hyperref Info: backreferencing OFF on input line 3117.
Package hyperref Info: Link coloring OFF on input line 3122.
\Hy@abspage=\count112
\c@Item=\count113
\c@Hfootnote=\count114
)
*hyperref using default driver hpdftex*
(/usr/local/texlive/2007/texmf-dist/tex/latex/hyperref/hpdftex.def
File: hpdftex.def 2007/02/07 v6.75r Hyperref driver for pdfTeX
\Fld@listcount=\count115
)
(/usr/local/texlive/2007/texmf-dist/tex/latex/multirow/multirow.sty
\bigstrutjot=\dimen119
)
(/usr/local/texlive/2007/texmf-dist/tex/latex/anysize/anysize.sty
Package: anysize 1994/08/13 setting margin sizes

document style option `anysize' loaded
Michael Salzenberg, Thomas Esser, Dirk Hillbrecht
Version 1.0, Aug 13, 1994
\@Leftmargin=\dimen120
\@Rightmargin=\dimen121
\@Topmargin=\dimen122
\@Bottommargin=\dimen123
) (./infome.aux)
\openout1 = `infome.aux'.

LaTeX Font Info:    Checking defaults for OML/cmm/m/it on input line 25.
LaTeX Font Info:    ... okay on input line 25.
LaTeX Font Info:    Checking defaults for T1/cmr/m/n on input line 25.
LaTeX Font Info:    ... okay on input line 25.
LaTeX Font Info:    Checking defaults for OT1/cmr/m/n on input line 25.
LaTeX Font Info:    ... okay on input line 25.
LaTeX Font Info:    Checking defaults for OMS/cmsy/m/n on input line 25.
LaTeX Font Info:    ... okay on input line 25.
LaTeX Font Info:    Checking defaults for OMX/cmex/m/n on input line 25.
LaTeX Font Info:    ... okay on input line 25.
LaTeX Font Info:    Checking defaults for U/cmr/m/n on input line 25.
LaTeX Font Info:    ... okay on input line 25.
LaTeX Font Info:    Checking defaults for PD1/pdf/m/n on input line 25.
LaTeX Font Info:    ... okay on input line 25.

(/usr/local/texlive/2007/texmf-dist/tex/context/base/supp-pdf.tex
[Loading MPS to PDF converter (version 2006.09.02).]
\scratchcounter=\count116
\scratchdimen=\dimen124
\scratchbox=\box33
\nofMPsegments=\count117
\nofMParguments=\count118
\MPscratchCnt=\count119
\MPscratchDim=\dimen125
\MPnumerator=\count120
\everyMPtoPDFconversion=\toks33
)
Package hyperref Info: Link coloring OFF on input line 25.
 (/usr/local/texlive/2007/texmf-dist/tex/latex/hyperref/nameref.sty
Package: nameref 2006/12/27 v2.28 Cross-referencing by name of section

(/usr/local/texlive/2007/texmf-dist/tex/latex/oberdiek/refcount.sty
Package: refcount 2006/02/20 v3.0 Data extraction from references (HO)
)
\c@section@level=\count121
)
LaTeX Info: Redefining \ref on input line 25.
LaTeX Info: Redefining \pageref on input line 25.

(./infome.out) (./infome.out)
\@outlinefile=\write6
\openout6 = `infome.out'.


<Imagenes/logo_itba.png, id=99, 534.99875pt x 189.70876pt>
File: Imagenes/logo_itba.png Graphic file (type png)

<use Imagenes/logo_itba.png>
LaTeX Font Info:    Try loading font information for U+msa on input line 39.

(/usr/local/texlive/2007/texmf-dist/tex/latex/amsfonts/umsa.fd
File: umsa.fd 2002/01/19 v2.2g AMS font definitions
)
LaTeX Font Info:    Try loading font information for U+msb on input line 39.

(/usr/local/texlive/2007/texmf-dist/tex/latex/amsfonts/umsb.fd
File: umsb.fd 2002/01/19 v2.2g AMS font definitions
) [1

{/usr/local/texlive/2007/texmf-var/fonts/map/pdftex/updmap/pdftex.map} <./Image
nes/logo_itba.png (PNG copy)>]
Underfull \hbox (badness 10000) in paragraph at lines 99--101

 []

pdfTeX warning (ext4): destination with the same identifier (name{page.1}) has 
been already used, duplicate ignored
<to be read again> 
                   \relax 
l.152 
       [1]
Underfull \hbox (badness 10000) in paragraph at lines 215--217

 []

[2]
Underfull \hbox (badness 10000) in paragraph at lines 235--239

 []


Underfull \hbox (badness 10000) in paragraph at lines 240--242

 []


Underfull \hbox (badness 10000) in paragraph at lines 243--245

 []


Underfull \hbox (badness 10000) in paragraph at lines 276--279

 []


Underfull \hbox (badness 10000) in paragraph at lines 285--288

 []

[3] [4] <../../src/img/original/a.png, id=189, 64.24pt x 64.24pt>
File: ../../src/img/original/a.png Graphic file (type png)

<use ../../src/img/original/a.png>
<../../src/img/original/line2.png, id=190, 64.24pt x 64.24pt>
File: ../../src/img/original/line2.png Graphic file (type png)

<use ../../src/img/original/line2.png>
<../../src/img/original/windows.png, id=191, 48.18pt x 48.18pt>
File: ../../src/img/original/windows.png Graphic file (type png)

<use ../../src/img/original/windows.png>
File: ../../src/img/original/a.png Graphic file (type png)
 <use ../../src/img/original/a.png>
File: ../../src/img/original/a.png Graphic file (type png)

<use ../../src/img/original/a.png>
File: ../../src/img/original/line2.png Graphic file (type png)
 <use ../../src/img/original/line2.png>
File: ../../src/img/original/line2.png Graphic file (type png)

<use ../../src/img/original/line2.png>
File: ../../src/img/original/windows.png Graphic file (type png)

<use ../../src/img/original/windows.png>
File: ../../src/img/original/windows.png Graphic file (type png)

<use ../../src/img/original/windows.png>
<../../src/img/results/a_noise_10.png, id=192, 64.24pt x 64.24pt>
File: ../../src/img/results/a_noise_10.png Graphic file (type png)

<use ../../src/img/results/a_noise_10.png>
File: ../../src/img/original/a.png Graphic file (type png)
 <use ../../src/img/original/a.png>
<../../src/img/results/line_noise_10.png, id=193, 64.24pt x 64.24pt>
File: ../../src/img/results/line_noise_10.png Graphic file (type png)

<use ../../src/img/results/line_noise_10.png>
File: ../../src/img/original/line2.png Graphic file (type png)

<use ../../src/img/original/line2.png>
<../../src/img/results/win_noise_10.png, id=194, 64.24pt x 64.24pt>
File: ../../src/img/results/win_noise_10.png Graphic file (type png)

<use ../../src/img/results/win_noise_10.png>
File: ../../src/img/original/windows.png Graphic file (type png)

<use ../../src/img/original/windows.png>
<../../src/img/results/a_noise_30.png, id=195, 64.24pt x 64.24pt>
File: ../../src/img/results/a_noise_30.png Graphic file (type png)

<use ../../src/img/results/a_noise_30.png>
File: ../../src/img/original/a.png Graphic file (type png)
 <use ../../src/img/original/a.png>
<../../src/img/results/line_noise_30.png, id=196, 64.24pt x 64.24pt>
File: ../../src/img/results/line_noise_30.png Graphic file (type png)

<use ../../src/img/results/line_noise_30.png>
File: ../../src/img/original/line2.png Graphic file (type png)

<use ../../src/img/original/line2.png>
<../../src/img/results/win_noise_30.png, id=197, 64.24pt x 64.24pt>
File: ../../src/img/results/win_noise_30.png Graphic file (type png)

<use ../../src/img/results/win_noise_30.png>
File: ../../src/img/original/windows.png Graphic file (type png)

<use ../../src/img/original/windows.png>

LaTeX Warning: `!h' float specifier changed to `!ht'.

<../../src/img/results/a_noise_50.png, id=198, 64.24pt x 64.24pt>
File: ../../src/img/results/a_noise_50.png Graphic file (type png)

<use ../../src/img/results/a_noise_50.png>
File: ../../src/img/original/a.png Graphic file (type png)
 <use ../../src/img/original/a.png>
<../../src/img/results/line_noise_50.png, id=199, 64.24pt x 64.24pt>
File: ../../src/img/results/line_noise_50.png Graphic file (type png)

<use ../../src/img/results/line_noise_50.png>
File: ../../src/img/original/line2.png Graphic file (type png)

<use ../../src/img/original/line2.png>
<../../src/img/results/win_noise_50.png, id=200, 64.24pt x 64.24pt>
File: ../../src/img/results/win_noise_50.png Graphic file (type png)

<use ../../src/img/results/win_noise_50.png>
File: ../../src/img/original/windows.png Graphic file (type png)

<use ../../src/img/original/windows.png>

LaTeX Warning: `!h' float specifier changed to `!ht'.

<../../src/img/tests/a_incomplete1.png, id=201, 64.24pt x 64.24pt>
File: ../../src/img/tests/a_incomplete1.png Graphic file (type png)

<use ../../src/img/tests/a_incomplete1.png>
File: ../../src/img/original/a.png Graphic file (type png)
 <use ../../src/img/original/a.png>
<../../src/img/tests/line2_incomplete1.png, id=202, 64.24pt x 64.24pt>
File: ../../src/img/tests/line2_incomplete1.png Graphic file (type png)

<use ../../src/img/tests/line2_incomplete1.png>
File: ../../src/img/original/line2.png Graphic file (type png)

<use ../../src/img/original/line2.png>
<../../src/img/tests/win_incomplete1.png, id=203, 48.18pt x 48.18pt>
File: ../../src/img/tests/win_incomplete1.png Graphic file (type png)

<use ../../src/img/tests/win_incomplete1.png>
File: ../../src/img/original/windows.png Graphic file (type png)

<use ../../src/img/original/windows.png>

LaTeX Warning: `!h' float specifier changed to `!ht'.

<../../src/img/tests/a_incomplete2.png, id=204, 64.24pt x 64.24pt>
File: ../../src/img/tests/a_incomplete2.png Graphic file (type png)

<use ../../src/img/tests/a_incomplete2.png>
File: ../../src/img/original/a.png Graphic file (type png)
 <use ../../src/img/original/a.png>
<../../src/img/tests/line2_incomplete2.png, id=205, 64.24pt x 64.24pt>
File: ../../src/img/tests/line2_incomplete2.png Graphic file (type png)

<use ../../src/img/tests/line2_incomplete2.png>
File: ../../src/img/original/line2.png Graphic file (type png)

<use ../../src/img/original/line2.png>
<../../src/img/tests/win_incomplete2.png, id=206, 48.18pt x 48.18pt>
File: ../../src/img/tests/win_incomplete2.png Graphic file (type png)

<use ../../src/img/tests/win_incomplete2.png>
File: ../../src/img/original/windows.png Graphic file (type png)

<use ../../src/img/original/windows.png>

LaTeX Warning: `!h' float specifier changed to `!ht'.

<../../src/img/original/h.png, id=207, 64.24pt x 64.24pt>
File: ../../src/img/original/h.png Graphic file (type png)

<use ../../src/img/original/h.png>
File: ../../src/img/original/a.png Graphic file (type png)
 <use ../../src/img/original/a.png>
<../../src/img/original/line1.png, id=208, 64.24pt x 64.24pt>
File: ../../src/img/original/line1.png Graphic file (type png)

<use ../../src/img/original/line1.png>
File: ../../src/img/original/a.png Graphic file (type png)
 <use ../../src/img/original/a.png>
<../../src/img/original/mac.png, id=209, 48.18pt x 48.18pt>
File: ../../src/img/original/mac.png Graphic file (type png)

<use ../../src/img/original/mac.png>
<../../src/img/results/result_mac_windows.png, id=210, 64.24pt x 64.24pt>
File: ../../src/img/results/result_mac_windows.png Graphic file (type png)

<use ../../src/img/results/result_mac_windows.png>

LaTeX Warning: `!h' float specifier changed to `!ht'.

<../../src/img/results/a_inv.png, id=211, 64.24pt x 64.24pt>
File: ../../src/img/results/a_inv.png Graphic file (type png)

<use ../../src/img/results/a_inv.png>
File: ../../src/img/results/a_inv.png Graphic file (type png)
 <use ../../src/img/results/a_inv.png>
<../../src/img/results/line_inv.png, id=212, 64.24pt x 64.24pt>
File: ../../src/img/results/line_inv.png Graphic file (type png)

<use ../../src/img/results/line_inv.png>
File: ../../src/img/results/line_inv.png Graphic file (type png)

<use ../../src/img/results/line_inv.png>
<../../src/img/results/win_inv.png, id=213, 64.24pt x 64.24pt>
File: ../../src/img/results/win_inv.png Graphic file (type png)

<use ../../src/img/results/win_inv.png>
File: ../../src/img/results/win_inv.png Graphic file (type png)

<use ../../src/img/results/win_inv.png>

LaTeX Warning: `!h' float specifier changed to `!ht'.

<../../src/img/results/mix1.png, id=214, 64.24pt x 64.24pt>
File: ../../src/img/results/mix1.png Graphic file (type png)

<use ../../src/img/results/mix1.png>
File: ../../src/img/results/mix1.png Graphic file (type png)
 <use ../../src/img/results/mix1.png>
<../../src/img/results/mix2.png, id=215, 64.24pt x 64.24pt>
File: ../../src/img/results/mix2.png Graphic file (type png)

<use ../../src/img/results/mix2.png>
File: ../../src/img/results/mix2.png Graphic file (type png)
 <use ../../src/img/results/mix2.png>

LaTeX Warning: `!h' float specifier changed to `!ht'.

File: ../../src/img/results/a_inv.png Graphic file (type png)
<use ../../src/img/results/a_inv.png>
<../../src/img/results/rem_spu_1.png, id=216, 64.24pt x 64.24pt>
File: ../../src/img/results/rem_spu_1.png Graphic file (type png)

<use ../../src/img/results/rem_spu_1.png>
File: ../../src/img/original/a.png Graphic file (type png)
 <use ../../src/img/original/a.png>
<../../src/img/results/rem_spu_2.png, id=217, 64.24pt x 64.24pt>
File: ../../src/img/results/rem_spu_2.png Graphic file (type png)

<use ../../src/img/results/rem_spu_2.png>

LaTeX Warning: `!h' float specifier changed to `!ht'.

File: ../../src/img/results/mix1.png Graphic file (type png)
<use ../../src/img/results/mix1.png>
<../../src/img/results/rem_spu_3.png, id=218, 64.24pt x 64.24pt>
File: ../../src/img/results/rem_spu_3.png Graphic file (type png)

<use ../../src/img/results/rem_spu_3.png>
File: ../../src/img/results/mix2.png Graphic file (type png)
 <use ../../src/img/results/mix2.png>
<../../src/img/results/rem_spu_4.png, id=219, 64.24pt x 64.24pt>
File: ../../src/img/results/rem_spu_4.png Graphic file (type png)

<use ../../src/img/results/rem_spu_4.png>

LaTeX Warning: `!h' float specifier changed to `!ht'.

File: ../../src/img/results/a_noise_50.png Graphic file (type png)
<use ../../src/img/results/a_noise_50.png>
<../../src/img/results/energy_noise_50.png, id=220, 552.0625pt x 402.50375pt>
File: ../../src/img/results/energy_noise_50.png Graphic file (type png)

<use ../../src/img/results/energy_noise_50.png>

LaTeX Warning: `!h' float specifier changed to `!ht'.

File: ../../src/img/original/a.png Graphic file (type png)
<use ../../src/img/original/a.png>
<../../src/img/original/bad-egg.png, id=221, 64.24pt x 64.24pt>
File: ../../src/img/original/bad-egg.png Graphic file (type png)

<use ../../src/img/original/bad-egg.png>
<../../src/img/original/circle-union.png, id=222, 48.18pt x 48.18pt>
File: ../../src/img/original/circle-union.png Graphic file (type png)

<use ../../src/img/original/circle-union.png>
<../../src/img/original/circle1.png, id=223, 48.18pt x 48.18pt>
File: ../../src/img/original/circle1.png Graphic file (type png)

<use ../../src/img/original/circle1.png>
<../../src/img/original/footprint.png, id=224, 48.18pt x 48.18pt>
File: ../../src/img/original/footprint.png Graphic file (type png)

<use ../../src/img/original/footprint.png>
File: ../../src/img/original/line1.png Graphic file (type png)

<use ../../src/img/original/line1.png>
<../../src/img/original/midnight-bsd.png, id=225, 64.24pt x 64.24pt>
File: ../../src/img/original/midnight-bsd.png Graphic file (type png)

<use ../../src/img/original/midnight-bsd.png>

LaTeX Warning: `!h' float specifier changed to `!ht'.

[5

 <../../src/img/original/a.png> <../../src/img/original/line2.png (PNG copy)> <
../../src/img/original/windows.png (PNG copy)> <../../src/img/results/a_noise_1
0.png (PNG copy)> <../../src/img/results/line_noise_10.png (PNG copy)> <../../s
rc/img/results/win_noise_10.png (PNG copy)>] [6 <../../src/img/results/a_noise_
30.png (PNG copy)> <../../src/img/results/line_noise_30.png (PNG copy)> <../../
src/img/results/win_noise_30.png (PNG copy)> <../../src/img/results/a_noise_50.
png (PNG copy)> <../../src/img/results/line_noise_50.png (PNG copy)> <../../src
/img/results/win_noise_50.png (PNG copy)>] [7 <../../src/img/tests/a_incomplete
1.png> <../../src/img/tests/line2_incomplete1.png (PNG copy)> <../../src/img/te
sts/win_incomplete1.png (PNG copy)> <../../src/img/tests/a_incomplete2.png> <..
/../src/img/tests/line2_incomplete2.png (PNG copy)> <../../src/img/tests/win_in
complete2.png (PNG copy)>] [8 <../../src/img/original/h.png> <../../src/img/ori
ginal/line1.png (PNG copy)> <../../src/img/original/mac.png (PNG copy)> <../../
src/img/results/result_mac_windows.png (PNG copy)> <../../src/img/results/a_inv
.png (PNG copy)> <../../src/img/results/line_inv.png (PNG copy)> <../../src/img
/results/win_inv.png (PNG copy)> <../../src/img/results/mix1.png (PNG copy)> <.
./../src/img/results/mix2.png (PNG copy)>] [9 <../../src/img/results/rem_spu_1.
png (PNG copy)> <../../src/img/results/rem_spu_2.png (PNG copy)> <../../src/img
/results/rem_spu_3.png (PNG copy)> <../../src/img/results/rem_spu_4.png (PNG co
py)> <../../src/img/results/energy_noise_50.png (PNG copy)>] [10 <../../src/img
/original/bad-egg.png (PNG copy)> <../../src/img/original/circle-union.png> <..
/../src/img/original/circle1.png> <../../src/img/original/footprint.png (PNG co
py)> <../../src/img/original/midnight-bsd.png (PNG copy)>] (./infome.aux)

LaTeX Warning: Label(s) may have changed. Rerun to get cross-references right.

 ) 
Here is how much of TeX's memory you used:
 5348 strings out of 94073
 75349 string characters out of 1162983
 143752 words of memory out of 1500000
 8448 multiletter control sequences out of 10000+50000
 13678 words of font info for 52 fonts, out of 1200000 for 2000
 645 hyphenation exceptions out of 8191
 27i,8n,36p,223b,375s stack positions out of 5000i,500n,6000p,200000b,5000s
pdfTeX warning (dest): name{equation.1.6} has been referenced but does not ex
ist, replaced by a fixed one

pdfTeX warning (dest): name{equation.1.4} has been referenced but does not exis
t, replaced by a fixed one

</usr/local/texlive/2007/texmf-dist/fonts/type1/bluesky/cm/cmbx10.pfb></usr/loc
al/texlive/2007/texmf-dist/fonts/type1/bluesky/cm/cmbx12.pfb></usr/local/texliv
e/2007/texmf-dist/fonts/type1/bluesky/cm/cmbx9.pfb></usr/local/texlive/2007/tex
mf-dist/fonts/type1/bluesky/cm/cmcsc10.pfb></usr/local/texlive/2007/texmf-dist/
fonts/type1/bluesky/cm/cmmi5.pfb></usr/local/texlive/2007/texmf-dist/fonts/type
1/bluesky/cm/cmmi6.pfb></usr/local/texlive/2007/texmf-dist/fonts/type1/bluesky/
cm/cmmi9.pfb></usr/local/texlive/2007/texmf-dist/fonts/type1/bluesky/cm/cmr10.p
fb></usr/local/texlive/2007/texmf-dist/fonts/type1/bluesky/cm/cmr12.pfb></usr/l
ocal/texlive/2007/texmf-dist/fonts/type1/bluesky/cm/cmr5.pfb></usr/local/texliv
e/2007/texmf-dist/fonts/type1/bluesky/cm/cmr6.pfb></usr/local/texlive/2007/texm
f-dist/fonts/type1/bluesky/cm/cmr9.pfb></usr/local/texlive/2007/texmf-dist/font
s/type1/bluesky/cm/cmsy10.pfb></usr/local/texlive/2007/texmf-dist/fonts/type1/b
luesky/cm/cmsy6.pfb></usr/local/texlive/2007/texmf-dist/fonts/type1/bluesky/cm/
cmsy9.pfb></usr/local/texlive/2007/texmf-dist/fonts/type1/bluesky/cm/cmti9.pfb>
</usr/local/texlive/2007/texmf-dist/fonts/type1/public/cmex/fmex9.pfb>
Output written on infome.pdf (11 pages, 210293 bytes).
PDF statistics:
 330 PDF objects out of 1000 (max. 8388607)
 60 named destinations out of 1000 (max. 131072)
 391 words of extra memory for PDF output out of 10000 (max. 10000000)

